<?xml version="1.0" encoding="utf-8"?><test-results date="2019-08-09" name="SAFE Tests" total="1" errors="0" failures="0" ignored="0" not-run="0" inconclusive="0" skipped="0" invalid="0" time="15:23:47"><environment expecto-version="8.7.0" clr-version="4.0.30319.42000" os-version="Unix 18.7.0.0" platform="Linux" cwd="/Users/theimowski/oss/SAFE-template" machine-name="theimowski" user="theimowski" user-domain="theimowski" /><culture-info current-culture="" current-uiculture="" /><test-suite type="Assembly" name="SAFE Tests" executed="True" result="Success" success="True" time="82.638" asserts="0"><results><test-case name="Project created from template/Project should build properly" executed="True" result="Success" success="True" time="82.594" asserts="0" /></results></test-suite></test-results>